Arguments: 
  D:\work\node\node.exe D:\work\yarn\bin\yarn.js dev

PATH: 
  D:\console\vendor\bin;D:\console\vendor\conemu-maximus5\ConEmu\Scripts;D:\console\vendor\conemu-maximus5;D:\console\vendor\conemu-maximus5\ConEmu;C:\Program Files (x86)\NetSarang\Xshell 6\;D:\py\38\Scripts\;D:\py\38\;C:\Windows\system32;C:\Windows;C:\Windows\System32\Wbem;C:\Windows\System32\WindowsPowerShell\v1.0\;C:\Windows\System32\OpenSSH\;C:\Program Files (x86)\NVIDIA Corporation\PhysX\Common;D:\work\yarn\bin\;D:\console;C:\ProgramData\chocolatey\bin;D:\python27;%NVM_HOME%;%NVM_SYMLINK%;C:\Program Files\TortoiseGit\bin;D:\work\Git\cmd;D:\work\node\;D:\py\Scripts\;D:\py\;C:\Users\Administrator\.windows-build-tools\python27\;C:\Users\Administrator\AppData\Local\Microsoft\WindowsApps;D:\app\Microsoft VS Code\bin;C:\Users\Administrator\AppData\Local\Yarn\bin;C:\Users\Administrator\AppData\Local\Programs\Fiddler;C:\Users\Administrator\AppData\Roaming\nvm;C:\Program Files\nodejs;C:\Users\Administrator\AppData\Roaming\npm;C:\Users\Administrator\.local\bin;C:\Users\Administrator\AppData\Roaming\Python\Python38\Scripts;C:\Users\Administrator\.local\bin;C:\Users\Administrator\AppData\Roaming\Python\Python38\Scripts;D:\ipfs\IPFS Desktop\resources\app.asar.unpacked\src\ipfs-on-path\scripts\bin-win;D:\work\Git\mingw64\bin;D:\work\Git\usr\bin

Yarn version: 
  1.9.4

Node version: 
  12.14.1

Platform: 
  win32 x64

Trace: 
  SyntaxError: E:\project\buddha\wallet\package.json: Unexpected token } in JSON at position 3968
      at JSON.parse (<anonymous>)
      at D:\work\yarn\lib\cli.js:1130:59
      at Generator.next (<anonymous>)
      at step (D:\work\yarn\lib\cli.js:92:30)
      at D:\work\yarn\lib\cli.js:103:13

npm manifest: 
  {
    "dependencies": {
      "@grpc/grpc-js": "^1.2.5",
      "@xuperchain/xuper-sdk": "^2.0.0-beta.5",
      "crypto-js": "^4.0.0"
    },
    "name": "wallet",
    "version": "1.0.0",
    "main": "index.js",
    "repository": "git@github.com:buddhachain/vuejs.git",
    "author": "yzKun <1044740162@qq.com>",
    "license": "MIT",
    "scripts": {
      "serve": "npm run dev:h5",
      "build": "npm run build:h5",
      "build:app-plus": "cross-env NODE_ENV=production UNI_PLATFORM=app-plus vue-cli-service uni-build",
      "build:custom": "cross-env NODE_ENV=production uniapp-cli custom",
      "build:h5": "cross-env NODE_ENV=production UNI_PLATFORM=h5 vue-cli-service uni-build",
      "build:mp-360": "cross-env NODE_ENV=production UNI_PLATFORM=mp-360 vue-cli-service uni-build",
      "build:mp-alipay": "cross-env NODE_ENV=production UNI_PLATFORM=mp-alipay vue-cli-service uni-build",
      "build:mp-baidu": "cross-env NODE_ENV=production UNI_PLATFORM=mp-baidu vue-cli-service uni-build",
      "build:mp-kuaishou": "cross-env NODE_ENV=production UNI_PLATFORM=mp-kuaishou vue-cli-service uni-build",
      "build:mp-qq": "cross-env NODE_ENV=production UNI_PLATFORM=mp-qq vue-cli-service uni-build",
      "build:mp-toutiao": "cross-env NODE_ENV=production UNI_PLATFORM=mp-toutiao vue-cli-service uni-build",
      "build:mp-weixin": "cross-env NODE_ENV=production UNI_PLATFORM=mp-weixin vue-cli-service uni-build",
      "build:quickapp-native": "cross-env NODE_ENV=production UNI_PLATFORM=quickapp-native vue-cli-service uni-build",
      "build:quickapp-webview": "cross-env NODE_ENV=production UNI_PLATFORM=quickapp-webview vue-cli-service uni-build",
      "build:quickapp-webview-huawei": "cross-env NODE_ENV=production UNI_PLATFORM=quickapp-webview-huawei vue-cli-service uni-build",
      "build:quickapp-webview-union": "cross-env NODE_ENV=production UNI_PLATFORM=quickapp-webview-union vue-cli-service uni-build",
      "dev:app-plus": "cross-env NODE_ENV=development UNI_PLATFORM=app-plus vue-cli-service uni-build --watch",
      "dev:custom": "cross-env NODE_ENV=development uniapp-cli custom",
      "dev:h5": "cross-env NODE_ENV=development UNI_PLATFORM=h5 vue-cli-service uni-serve",
      "dev:mp-360": "cross-env NODE_ENV=development UNI_PLATFORM=mp-360 vue-cli-service uni-build --watch",
      "dev:mp-alipay": "cross-env NODE_ENV=development UNI_PLATFORM=mp-alipay vue-cli-service uni-build --watch",
      "dev:mp-baidu": "cross-env NODE_ENV=development UNI_PLATFORM=mp-baidu vue-cli-service uni-build --watch",
      "dev:mp-kuaishou": "cross-env NODE_ENV=development UNI_PLATFORM=mp-kuaishou vue-cli-service uni-build --watch",
      "dev:mp-qq": "cross-env NODE_ENV=development UNI_PLATFORM=mp-qq vue-cli-service uni-build --watch",
      "dev:mp-toutiao": "cross-env NODE_ENV=development UNI_PLATFORM=mp-toutiao vue-cli-service uni-build --watch",
      "dev:mp-weixin": "cross-env NODE_ENV=development UNI_PLATFORM=mp-weixin vue-cli-service uni-build --watch",
      "dev:quickapp-native": "cross-env NODE_ENV=development UNI_PLATFORM=quickapp-native vue-cli-service uni-build --watch",
      "dev:quickapp-webview": "cross-env NODE_ENV=development UNI_PLATFORM=quickapp-webview vue-cli-service uni-build --watch",
      "dev:quickapp-webview-huawei": "cross-env NODE_ENV=development UNI_PLATFORM=quickapp-webview-huawei vue-cli-service uni-build --watch",
      "dev:quickapp-webview-union": "cross-env NODE_ENV=development UNI_PLATFORM=quickapp-webview-union vue-cli-service uni-build --watch",
      "info": "node node_modules/@dcloudio/vue-cli-plugin-uni/commands/info.js",
      "serve:quickapp-native": "node node_modules/@dcloudio/uni-quickapp-native/bin/serve.js",
      "test:android": "cross-env UNI_PLATFORM=app-plus UNI_OS_NAME=android jest -i",
      "test:h5": "cross-env UNI_PLATFORM=h5 jest -i",
      "test:ios": "cross-env UNI_PLATFORM=app-plus UNI_OS_NAME=ios jest -i",
      "test:mp-baidu": "cross-env UNI_PLATFORM=mp-baidu jest -i",
      "test:mp-weixin": "cross-env UNI_PLATFORM=mp-weixin jest -i"
    },
  }

yarn manifest: 
  No manifest

Lockfile: 
  # THIS IS AN AUTOGENERATED FILE. DO NOT EDIT THIS FILE DIRECTLY.
  # yarn lockfile v1
  
  
  "@grpc/grpc-js@^1.1.1", "@grpc/grpc-js@^1.2.5":
    version "1.2.5"
    resolved "https://registry.yarnpkg.com/@grpc/grpc-js/-/grpc-js-1.2.5.tgz#d1ef9ae8b99c3b46bb6cc8c82be1aa80080b7300"
    dependencies:
      "@types/node" "^12.12.47"
      google-auth-library "^6.1.1"
      semver "^6.2.0"
  
  "@grpc/proto-loader@^0.5.4":
    version "0.5.6"
    resolved "https://registry.yarnpkg.com/@grpc/proto-loader/-/proto-loader-0.5.6.tgz#1dea4b8a6412b05e2d58514d507137b63a52a98d"
    dependencies:
      lodash.camelcase "^4.3.0"
      protobufjs "^6.8.6"
  
  "@protobufjs/aspromise@^1.1.1", "@protobufjs/aspromise@^1.1.2":
    version "1.1.2"
    resolved "https://registry.yarnpkg.com/@protobufjs/aspromise/-/aspromise-1.1.2.tgz#9b8b0cc663d669a7d8f6f5d0893a14d348f30fbf"
  
  "@protobufjs/base64@^1.1.2":
    version "1.1.2"
    resolved "https://registry.yarnpkg.com/@protobufjs/base64/-/base64-1.1.2.tgz#4c85730e59b9a1f1f349047dbf24296034bb2735"
  
  "@protobufjs/codegen@^2.0.4":
    version "2.0.4"
    resolved "https://registry.yarnpkg.com/@protobufjs/codegen/-/codegen-2.0.4.tgz#7ef37f0d010fb028ad1ad59722e506d9262815cb"
  
  "@protobufjs/eventemitter@^1.1.0":
    version "1.1.0"
    resolved "https://registry.yarnpkg.com/@protobufjs/eventemitter/-/eventemitter-1.1.0.tgz#355cbc98bafad5978f9ed095f397621f1d066b70"
  
  "@protobufjs/fetch@^1.1.0":
    version "1.1.0"
    resolved "https://registry.yarnpkg.com/@protobufjs/fetch/-/fetch-1.1.0.tgz#ba99fb598614af65700c1619ff06d454b0d84c45"
    dependencies:
      "@protobufjs/aspromise" "^1.1.1"
      "@protobufjs/inquire" "^1.1.0"
  
  "@protobufjs/float@^1.0.2":
    version "1.0.2"
    resolved "https://registry.yarnpkg.com/@protobufjs/float/-/float-1.0.2.tgz#5e9e1abdcb73fc0a7cb8b291df78c8cbd97b87d1"
  
  "@protobufjs/inquire@^1.1.0":
    version "1.1.0"
    resolved "https://registry.yarnpkg.com/@protobufjs/inquire/-/inquire-1.1.0.tgz#ff200e3e7cf2429e2dcafc1140828e8cc638f089"
  
  "@protobufjs/path@^1.1.2":
    version "1.1.2"
    resolved "https://registry.yarnpkg.com/@protobufjs/path/-/path-1.1.2.tgz#6cc2b20c5c9ad6ad0dccfd21ca7673d8d7fbf68d"
  
  "@protobufjs/pool@^1.1.0":
    version "1.1.0"
    resolved "https://registry.yarnpkg.com/@protobufjs/pool/-/pool-1.1.0.tgz#09fd15f2d6d3abfa9b65bc366506d6ad7846ff54"
  
  "@protobufjs/utf8@^1.1.0":
    version "1.1.0"
    resolved "https://registry.yarnpkg.com/@protobufjs/utf8/-/utf8-1.1.0.tgz#a777360b5b39a1a2e5106f8e858f2fd2d060c570"
  
  "@types/aes-js@^3.1.1":
    version "3.1.1"
    resolved "https://registry.yarnpkg.com/@types/aes-js/-/aes-js-3.1.1.tgz#34b3978122310c135de4b377270d1d65676fae28"
  
  "@types/bn.js@*":
    version "5.1.0"
    resolved "https://registry.yarnpkg.com/@types/bn.js/-/bn.js-5.1.0.tgz#32c5d271503a12653c62cf4d2b45e6eab8cebc68"
    dependencies:
      "@types/node" "*"
  
  "@types/bn.js@^4.11.5":
    version "4.11.6"
    resolved "https://registry.yarnpkg.com/@types/bn.js/-/bn.js-4.11.6.tgz#c306c70d9358aaea33cd4eda092a742b9505967c"
    dependencies:
      "@types/node" "*"
  
  "@types/elliptic@^6.4.10":
    version "6.4.12"
    resolved "https://registry.yarnpkg.com/@types/elliptic/-/elliptic-6.4.12.tgz#e8add831f9cc9a88d9d84b3733ff669b68eaa124"
    dependencies:
      "@types/bn.js" "*"
  
  "@types/long@^4.0.1":
    version "4.0.1"
    resolved "https://registry.yarnpkg.com/@types/long/-/long-4.0.1.tgz#459c65fa1867dafe6a8f322c4c51695663cc55e9"
  
  "@types/node@*":
    version "14.14.22"
    resolved "https://registry.yarnpkg.com/@types/node/-/node-14.14.22.tgz#0d29f382472c4ccf3bd96ff0ce47daf5b7b84b18"
  
  "@types/node@^12.12.47":
    version "12.19.15"
    resolved "https://registry.yarnpkg.com/@types/node/-/node-12.19.15.tgz#0de7e978fb43db62da369db18ea088a63673c182"
  
  "@types/node@^13.7.0":
    version "13.13.40"
    resolved "https://registry.yarnpkg.com/@types/node/-/node-13.13.40.tgz#f655ef327362cc83912f2e69336ddc62a24a9f88"
  
  "@types/pbkdf2@^3.0.0":
    version "3.1.0"
    resolved "https://registry.yarnpkg.com/@types/pbkdf2/-/pbkdf2-3.1.0.tgz#039a0e9b67da0cdc4ee5dab865caa6b267bb66b1"
    dependencies:
      "@types/node" "*"
  
  "@types/sha256@^0.2.0":
    version "0.2.0"
    resolved "https://registry.yarnpkg.com/@types/sha256/-/sha256-0.2.0.tgz#e91194d70f4eb67f08812e847feecf5146f4afdd"
    dependencies:
      "@types/node" "*"
  
  "@xuperchain/xuper-sdk@^2.0.0-beta.5":
    version "2.0.0-beta.5"
    resolved "https://registry.yarnpkg.com/@xuperchain/xuper-sdk/-/xuper-sdk-2.0.0-beta.5.tgz#0f819aaf97ba5b8e96157d0231df55df91b2b1f6"
    dependencies:
      "@grpc/grpc-js" "^1.1.1"
      "@grpc/proto-loader" "^0.5.4"
      "@types/aes-js" "^3.1.1"
      "@types/bn.js" "^4.11.5"
      "@types/elliptic" "^6.4.10"
      "@types/long" "^4.0.1"
      "@types/pbkdf2" "^3.0.0"
      "@types/sha256" "^0.2.0"
      aes-js "^3.1.2"
      bn.js "^5.0.0"
      elliptic "^6.5.2"
      long "^4.0.0"
      node-fetch "^2.6.0"
      pbkdf2 "^3.0.17"
      ripemd160-min "0.0.6"
      sha256 "^0.2.0"
  
  abort-controller@^3.0.0:
    version "3.0.0"
    resolved "https://registry.yarnpkg.com/abort-controller/-/abort-controller-3.0.0.tgz#eaf54d53b62bae4138e809ca225c8439a6efb392"
    dependencies:
      event-target-shim "^5.0.0"
  
  aes-js@^3.1.2:
    version "3.1.2"
    resolved "https://registry.yarnpkg.com/aes-js/-/aes-js-3.1.2.tgz#db9aabde85d5caabbfc0d4f2a4446960f627146a"
  
  agent-base@6:
    version "6.0.2"
    resolved "https://registry.yarnpkg.com/agent-base/-/agent-base-6.0.2.tgz#49fff58577cfee3f37176feab4c22e00f86d7f77"
    dependencies:
      debug "4"
  
  arrify@^2.0.0:
    version "2.0.1"
    resolved "https://registry.yarnpkg.com/arrify/-/arrify-2.0.1.tgz#c9655e9331e0abcd588d2a7cad7e9956f66701fa"
  
  base64-js@^1.3.0:
    version "1.5.1"
    resolved "https://registry.yarnpkg.com/base64-js/-/base64-js-1.5.1.tgz#1b1b440160a5bf7ad40b650f095963481903930a"
  
  bignumber.js@^9.0.0:
    version "9.0.1"
    resolved "https://registry.yarnpkg.com/bignumber.js/-/bignumber.js-9.0.1.tgz#8d7ba124c882bfd8e43260c67475518d0689e4e5"
  
  bn.js@^4.11.9:
    version "4.11.9"
    resolved "https://registry.yarnpkg.com/bn.js/-/bn.js-4.11.9.tgz#26d556829458f9d1e81fc48952493d0ba3507828"
  
  bn.js@^5.0.0:
    version "5.1.3"
    resolved "https://registry.yarnpkg.com/bn.js/-/bn.js-5.1.3.tgz#beca005408f642ebebea80b042b4d18d2ac0ee6b"
  
  brorand@^1.1.0:
    version "1.1.0"
    resolved "https://registry.yarnpkg.com/brorand/-/brorand-1.1.0.tgz#12c25efe40a45e3c323eb8675a0a0ce57b22371f"
  
  buffer-equal-constant-time@1.0.1:
    version "1.0.1"
    resolved "https://registry.yarnpkg.com/buffer-equal-constant-time/-/buffer-equal-constant-time-1.0.1.tgz#f8e71132f7ffe6e01a5c9697a4c6f3e48d5cc819"
  
  cipher-base@^1.0.1, cipher-base@^1.0.3:
    version "1.0.4"
    resolved "https://registry.yarnpkg.com/cipher-base/-/cipher-base-1.0.4.tgz#8760e4ecc272f4c363532f926d874aae2c1397de"
    dependencies:
      inherits "^2.0.1"
      safe-buffer "^5.0.1"
  
  convert-hex@~0.1.0:
    version "0.1.0"
    resolved "https://registry.yarnpkg.com/convert-hex/-/convert-hex-0.1.0.tgz#08c04568922c27776b8a2e81a95d393362ea0b65"
  
  convert-string@~0.1.0:
    version "0.1.0"
    resolved "https://registry.yarnpkg.com/convert-string/-/convert-string-0.1.0.tgz#79ce41a9bb0d03bcf72cdc6a8f3c56fbbc64410a"
  
  create-hash@^1.1.0, create-hash@^1.1.2:
    version "1.2.0"
    resolved "https://registry.yarnpkg.com/create-hash/-/create-hash-1.2.0.tgz#889078af11a63756bcfb59bd221996be3a9ef196"
    dependencies:
      cipher-base "^1.0.1"
      inherits "^2.0.1"
      md5.js "^1.3.4"
      ripemd160 "^2.0.1"
      sha.js "^2.4.0"
  
  create-hmac@^1.1.4:
    version "1.1.7"
    resolved "https://registry.yarnpkg.com/create-hmac/-/create-hmac-1.1.7.tgz#69170c78b3ab957147b2b8b04572e47ead2243ff"
    dependencies:
      cipher-base "^1.0.3"
      create-hash "^1.1.0"
      inherits "^2.0.1"
      ripemd160 "^2.0.0"
      safe-buffer "^5.0.1"
      sha.js "^2.4.8"
  
  crypto-js@^4.0.0:
    version "4.0.0"
    resolved "https://registry.yarnpkg.com/crypto-js/-/crypto-js-4.0.0.tgz#2904ab2677a9d042856a2ea2ef80de92e4a36dcc"
  
  debug@4:
    version "4.3.1"
    resolved "https://registry.yarnpkg.com/debug/-/debug-4.3.1.tgz#f0d229c505e0c6d8c49ac553d1b13dc183f6b2ee"
    dependencies:
      ms "2.1.2"
  
  ecdsa-sig-formatter@1.0.11, ecdsa-sig-formatter@^1.0.11:
    version "1.0.11"
    resolved "https://registry.yarnpkg.com/ecdsa-sig-formatter/-/ecdsa-sig-formatter-1.0.11.tgz#ae0f0fa2d85045ef14a817daa3ce9acd0489e5bf"
    dependencies:
      safe-buffer "^5.0.1"
  
  elliptic@^6.5.2:
    version "6.5.4"
    resolved "https://registry.yarnpkg.com/elliptic/-/elliptic-6.5.4.tgz#da37cebd31e79a1367e941b592ed1fbebd58abbb"
    dependencies:
      bn.js "^4.11.9"
      brorand "^1.1.0"
      hash.js "^1.0.0"
      hmac-drbg "^1.0.1"
      inherits "^2.0.4"
      minimalistic-assert "^1.0.1"
      minimalistic-crypto-utils "^1.0.1"
  
  event-target-shim@^5.0.0:
    version "5.0.1"
    resolved "https://registry.yarnpkg.com/event-target-shim/-/event-target-shim-5.0.1.tgz#5d4d3ebdf9583d63a5333ce2deb7480ab2b05789"
  
  extend@^3.0.2:
    version "3.0.2"
    resolved "https://registry.yarnpkg.com/extend/-/extend-3.0.2.tgz#f8b1136b4071fbd8eb140aff858b1019ec2915fa"
  
  fast-text-encoding@^1.0.0:
    version "1.0.3"
    resolved "https://registry.yarnpkg.com/fast-text-encoding/-/fast-text-encoding-1.0.3.tgz#ec02ac8e01ab8a319af182dae2681213cfe9ce53"
  
  gaxios@^4.0.0:
    version "4.1.0"
    resolved "https://registry.yarnpkg.com/gaxios/-/gaxios-4.1.0.tgz#e8ad466db5a4383c70b9d63bfd14dfaa87eb0099"
    dependencies:
      abort-controller "^3.0.0"
      extend "^3.0.2"
      https-proxy-agent "^5.0.0"
      is-stream "^2.0.0"
      node-fetch "^2.3.0"
  
  gcp-metadata@^4.2.0:
    version "4.2.1"
    resolved "https://registry.yarnpkg.com/gcp-metadata/-/gcp-metadata-4.2.1.tgz#31849fbcf9025ef34c2297c32a89a1e7e9f2cd62"
    dependencies:
      gaxios "^4.0.0"
      json-bigint "^1.0.0"
  
  google-auth-library@^6.1.1:
    version "6.1.6"
    resolved "https://registry.yarnpkg.com/google-auth-library/-/google-auth-library-6.1.6.tgz#deacdcdb883d9ed6bac78bb5d79a078877fdf572"
    dependencies:
      arrify "^2.0.0"
      base64-js "^1.3.0"
      ecdsa-sig-formatter "^1.0.11"
      fast-text-encoding "^1.0.0"
      gaxios "^4.0.0"
      gcp-metadata "^4.2.0"
      gtoken "^5.0.4"
      jws "^4.0.0"
      lru-cache "^6.0.0"
  
  google-p12-pem@^3.0.3:
    version "3.0.3"
    resolved "https://registry.yarnpkg.com/google-p12-pem/-/google-p12-pem-3.0.3.tgz#673ac3a75d3903a87f05878f3c75e06fc151669e"
    dependencies:
      node-forge "^0.10.0"
  
  gtoken@^5.0.4:
    version "5.2.1"
    resolved "https://registry.yarnpkg.com/gtoken/-/gtoken-5.2.1.tgz#4dae1fea17270f457954b4a45234bba5fc796d16"
    dependencies:
      gaxios "^4.0.0"
      google-p12-pem "^3.0.3"
      jws "^4.0.0"
  
  hash-base@^3.0.0:
    version "3.1.0"
    resolved "https://registry.yarnpkg.com/hash-base/-/hash-base-3.1.0.tgz#55c381d9e06e1d2997a883b4a3fddfe7f0d3af33"
    dependencies:
      inherits "^2.0.4"
      readable-stream "^3.6.0"
      safe-buffer "^5.2.0"
  
  hash.js@^1.0.0, hash.js@^1.0.3:
    version "1.1.7"
    resolved "https://registry.yarnpkg.com/hash.js/-/hash.js-1.1.7.tgz#0babca538e8d4ee4a0f8988d68866537a003cf42"
    dependencies:
      inherits "^2.0.3"
      minimalistic-assert "^1.0.1"
  
  hmac-drbg@^1.0.1:
    version "1.0.1"
    resolved "https://registry.yarnpkg.com/hmac-drbg/-/hmac-drbg-1.0.1.tgz#d2745701025a6c775a6c545793ed502fc0c649a1"
    dependencies:
      hash.js "^1.0.3"
      minimalistic-assert "^1.0.0"
      minimalistic-crypto-utils "^1.0.1"
  
  https-proxy-agent@^5.0.0:
    version "5.0.0"
    resolved "https://registry.yarnpkg.com/https-proxy-agent/-/https-proxy-agent-5.0.0.tgz#e2a90542abb68a762e0a0850f6c9edadfd8506b2"
    dependencies:
      agent-base "6"
      debug "4"
  
  inherits@^2.0.1, inherits@^2.0.3, inherits@^2.0.4:
    version "2.0.4"
    resolved "https://registry.yarnpkg.com/inherits/-/inherits-2.0.4.tgz#0fa2c64f932917c3433a0ded55363aae37416b7c"
  
  is-stream@^2.0.0:
    version "2.0.0"
    resolved "https://registry.yarnpkg.com/is-stream/-/is-stream-2.0.0.tgz#bde9c32680d6fae04129d6ac9d921ce7815f78e3"
  
  json-bigint@^1.0.0:
    version "1.0.0"
    resolved "https://registry.yarnpkg.com/json-bigint/-/json-bigint-1.0.0.tgz#ae547823ac0cad8398667f8cd9ef4730f5b01ff1"
    dependencies:
      bignumber.js "^9.0.0"
  
  jwa@^2.0.0:
    version "2.0.0"
    resolved "https://registry.yarnpkg.com/jwa/-/jwa-2.0.0.tgz#a7e9c3f29dae94027ebcaf49975c9345593410fc"
    dependencies:
      buffer-equal-constant-time "1.0.1"
      ecdsa-sig-formatter "1.0.11"
      safe-buffer "^5.0.1"
  
  jws@^4.0.0:
    version "4.0.0"
    resolved "https://registry.yarnpkg.com/jws/-/jws-4.0.0.tgz#2d4e8cf6a318ffaa12615e9dec7e86e6c97310f4"
    dependencies:
      jwa "^2.0.0"
      safe-buffer "^5.0.1"
  
  lodash.camelcase@^4.3.0:
    version "4.3.0"
    resolved "https://registry.yarnpkg.com/lodash.camelcase/-/lodash.camelcase-4.3.0.tgz#b28aa6288a2b9fc651035c7711f65ab6190331a6"
  
  long@^4.0.0:
    version "4.0.0"
    resolved "https://registry.yarnpkg.com/long/-/long-4.0.0.tgz#9a7b71cfb7d361a194ea555241c92f7468d5bf28"
  
  lru-cache@^6.0.0:
    version "6.0.0"
    resolved "https://registry.yarnpkg.com/lru-cache/-/lru-cache-6.0.0.tgz#6d6fe6570ebd96aaf90fcad1dafa3b2566db3a94"
    dependencies:
      yallist "^4.0.0"
  
  md5.js@^1.3.4:
    version "1.3.5"
    resolved "https://registry.yarnpkg.com/md5.js/-/md5.js-1.3.5.tgz#b5d07b8e3216e3e27cd728d72f70d1e6a342005f"
    dependencies:
      hash-base "^3.0.0"
      inherits "^2.0.1"
      safe-buffer "^5.1.2"
  
  minimalistic-assert@^1.0.0, minimalistic-assert@^1.0.1:
    version "1.0.1"
    resolved "https://registry.yarnpkg.com/minimalistic-assert/-/minimalistic-assert-1.0.1.tgz#2e194de044626d4a10e7f7fbc00ce73e83e4d5c7"
  
  minimalistic-crypto-utils@^1.0.1:
    version "1.0.1"
    resolved "https://registry.yarnpkg.com/minimalistic-crypto-utils/-/minimalistic-crypto-utils-1.0.1.tgz#f6c00c1c0b082246e5c4d99dfb8c7c083b2b582a"
  
  ms@2.1.2:
    version "2.1.2"
    resolved "https://registry.yarnpkg.com/ms/-/ms-2.1.2.tgz#d09d1f357b443f493382a8eb3ccd183872ae6009"
  
  node-fetch@^2.3.0, node-fetch@^2.6.0:
    version "2.6.1"
    resolved "https://registry.yarnpkg.com/node-fetch/-/node-fetch-2.6.1.tgz#045bd323631f76ed2e2b55573394416b639a0052"
  
  node-forge@^0.10.0:
    version "0.10.0"
    resolved "https://registry.yarnpkg.com/node-forge/-/node-forge-0.10.0.tgz#32dea2afb3e9926f02ee5ce8794902691a676bf3"
  
  pbkdf2@^3.0.17:
    version "3.1.1"
    resolved "https://registry.yarnpkg.com/pbkdf2/-/pbkdf2-3.1.1.tgz#cb8724b0fada984596856d1a6ebafd3584654b94"
    dependencies:
      create-hash "^1.1.2"
      create-hmac "^1.1.4"
      ripemd160 "^2.0.1"
      safe-buffer "^5.0.1"
      sha.js "^2.4.8"
  
  protobufjs@^6.8.6:
    version "6.10.2"
    resolved "https://registry.yarnpkg.com/protobufjs/-/protobufjs-6.10.2.tgz#b9cb6bd8ec8f87514592ba3fdfd28e93f33a469b"
    dependencies:
      "@protobufjs/aspromise" "^1.1.2"
      "@protobufjs/base64" "^1.1.2"
      "@protobufjs/codegen" "^2.0.4"
      "@protobufjs/eventemitter" "^1.1.0"
      "@protobufjs/fetch" "^1.1.0"
      "@protobufjs/float" "^1.0.2"
      "@protobufjs/inquire" "^1.1.0"
      "@protobufjs/path" "^1.1.2"
      "@protobufjs/pool" "^1.1.0"
      "@protobufjs/utf8" "^1.1.0"
      "@types/long" "^4.0.1"
      "@types/node" "^13.7.0"
      long "^4.0.0"
  
  readable-stream@^3.6.0:
    version "3.6.0"
    resolved "https://registry.yarnpkg.com/readable-stream/-/readable-stream-3.6.0.tgz#337bbda3adc0706bd3e024426a286d4b4b2c9198"
    dependencies:
      inherits "^2.0.3"
      string_decoder "^1.1.1"
      util-deprecate "^1.0.1"
  
  ripemd160-min@0.0.6:
    version "0.0.6"
    resolved "https://registry.yarnpkg.com/ripemd160-min/-/ripemd160-min-0.0.6.tgz#a904b77658114474d02503e819dcc55853b67e62"
  
  ripemd160@^2.0.0, ripemd160@^2.0.1:
    version "2.0.2"
    resolved "https://registry.yarnpkg.com/ripemd160/-/ripemd160-2.0.2.tgz#a1c1a6f624751577ba5d07914cbc92850585890c"
    dependencies:
      hash-base "^3.0.0"
      inherits "^2.0.1"
  
  safe-buffer@^5.0.1, safe-buffer@^5.1.2, safe-buffer@^5.2.0, safe-buffer@~5.2.0:
    version "5.2.1"
    resolved "https://registry.yarnpkg.com/safe-buffer/-/safe-buffer-5.2.1.tgz#1eaf9fa9bdb1fdd4ec75f58f9cdb4e6b7827eec6"
  
  semver@^6.2.0:
    version "6.3.0"
    resolved "https://registry.yarnpkg.com/semver/-/semver-6.3.0.tgz#ee0a64c8af5e8ceea67687b133761e1becbd1d3d"
  
  sha.js@^2.4.0, sha.js@^2.4.8:
    version "2.4.11"
    resolved "https://registry.yarnpkg.com/sha.js/-/sha.js-2.4.11.tgz#37a5cf0b81ecbc6943de109ba2960d1b26584ae7"
    dependencies:
      inherits "^2.0.1"
      safe-buffer "^5.0.1"
  
  sha256@^0.2.0:
    version "0.2.0"
    resolved "https://registry.yarnpkg.com/sha256/-/sha256-0.2.0.tgz#73a0b418daab7035bff86e8491e363412fc2ab05"
    dependencies:
      convert-hex "~0.1.0"
      convert-string "~0.1.0"
  
  string_decoder@^1.1.1:
    version "1.3.0"
    resolved "https://registry.yarnpkg.com/string_decoder/-/string_decoder-1.3.0.tgz#42f114594a46cf1a8e30b0a84f56c78c3edac21e"
    dependencies:
      safe-buffer "~5.2.0"
  
  util-deprecate@^1.0.1:
    version "1.0.2"
    resolved "https://registry.yarnpkg.com/util-deprecate/-/util-deprecate-1.0.2.tgz#450d4dc9fa70de732762fbd2d4a28981419a0ccf"
  
  yallist@^4.0.0:
    version "4.0.0"
    resolved "https://registry.yarnpkg.com/yallist/-/yallist-4.0.0.tgz#9bb92790d9c0effec63be73519e11a35019a3a72"
